[13:26:36] [main/INFO]: Setting user: Player872
[13:26:41] [Client thread/INFO]: LWJGL Version: 2.9.1
[13:26:54] [Client thread/INFO]: Reloading ResourceManager: Default, FMLFileResourcePack:Forge Mod Loader, FMLFileResourcePack:Minecraft Forge, FMLFileResourcePack:Steve's Wagons
[13:26:56] [Sound Library Loader/INFO]: Sound engine started
[13:27:01] [Client thread/INFO]: Created: 512x256 textures/blocks-atlas
[13:27:02] [Client thread/ERROR]: Using missing texture, unable to load minecraft:textures/items/MISSING_ICON_ITEM_4096_coveredwagon.png
java.io.FileNotFoundException: minecraft:textures/items/MISSING_ICON_ITEM_4096_coveredwagon.png
	at net.minecraft.client.resources.FallbackResourceManager.getResource(FallbackResourceManager.java:65) ~[FallbackResourceManager.class:?]
	at net.minecraft.client.resources.SimpleReloadableResourceManager.getResource(SimpleReloadableResourceManager.java:67) ~[SimpleReloadableResourceManager.class:?]
	at net.minecraft.client.renderer.texture.TextureMap.loadTextureAtlas(TextureMap.java:126) [TextureMap.class:?]
	at net.minecraft.client.renderer.texture.TextureMap.loadTexture(TextureMap.java:91) [TextureMap.class:?]
	at net.minecraft.client.renderer.texture.TextureManager.loadTexture(TextureManager.java:89) [TextureManager.class:?]
	at net.minecraft.client.renderer.texture.TextureManager.loadTickableTexture(TextureManager.java:71) [TextureManager.class:?]
	at net.minecraft.client.renderer.texture.TextureManager.loadTextureMap(TextureManager.java:58) [TextureManager.class:?]
	at net.minecraft.client.Minecraft.startGame(Minecraft.java:583) [Minecraft.class:?]
	at net.minecraft.client.Minecraft.run(Minecraft.java:931) [Minecraft.class:?]
	at net.minecraft.client.main.Main.main(Main.java:164) [Main.class:?]
	at sun.reflect.NativeMethodAccessorImpl.invoke0(Native Method) ~[?:1.8.0_40]
	at sun.reflect.NativeMethodAccessorImpl.invoke(Unknown Source) ~[?:1.8.0_40]
	at sun.reflect.DelegatingMethodAccessorImpl.invoke(Unknown Source) ~[?:1.8.0_40]
	at java.lang.reflect.Method.invoke(Unknown Source) ~[?:1.8.0_40]
	at net.minecraft.launchwrapper.Launch.launch(Launch.java:135) [launchwrapper-1.11.jar:?]
	at net.minecraft.launchwrapper.Launch.main(Launch.java:28) [launchwrapper-1.11.jar:?]
	at net.minecraftforge.gradle.GradleStartCommon.launch(Unknown Source) [start/:?]
	at GradleStart.main(Unknown Source) [start/:?]
[13:27:02] [Client thread/INFO]: Created: 256x256 textures/items-atlas
[13:27:02] [Client thread/INFO]: Reloading ResourceManager: Default, FMLFileResourcePack:Forge Mod Loader, FMLFileResourcePack:Minecraft Forge, FMLFileResourcePack:Steve's Wagons
[13:27:03] [Client thread/INFO]: Created: 512x256 textures/blocks-atlas
[13:27:03] [Client thread/ERROR]: Using missing texture, unable to load minecraft:textures/items/MISSING_ICON_ITEM_4096_coveredwagon.png
java.io.FileNotFoundException: minecraft:textures/items/MISSING_ICON_ITEM_4096_coveredwagon.png
	at net.minecraft.client.resources.FallbackResourceManager.getResource(FallbackResourceManager.java:65) ~[FallbackResourceManager.class:?]
	at net.minecraft.client.resources.SimpleReloadableResourceManager.getResource(SimpleReloadableResourceManager.java:67) ~[SimpleReloadableResourceManager.class:?]
	at net.minecraft.client.renderer.texture.TextureMap.loadTextureAtlas(TextureMap.java:126) [TextureMap.class:?]
	at net.minecraft.client.renderer.texture.TextureMap.loadTexture(TextureMap.java:91) [TextureMap.class:?]
	at net.minecraft.client.renderer.texture.TextureManager.loadTexture(TextureManager.java:89) [TextureManager.class:?]
	at net.minecraft.client.renderer.texture.TextureManager.onResourceManagerReload(TextureManager.java:170) [TextureManager.class:?]
	at net.minecraft.client.resources.SimpleReloadableResourceManager.notifyReloadListeners(SimpleReloadableResourceManager.java:134) [SimpleReloadableResourceManager.class:?]
	at net.minecraft.client.resources.SimpleReloadableResourceManager.reloadResources(SimpleReloadableResourceManager.java:118) [SimpleReloadableResourceManager.class:?]
	at net.minecraft.client.Minecraft.refreshResources(Minecraft.java:643) [Minecraft.class:?]
	at cpw.mods.fml.client.FMLClientHandler.finishMinecraftLoading(FMLClientHandler.java:303) [FMLClientHandler.class:?]
	at net.minecraft.client.Minecraft.startGame(Minecraft.java:586) [Minecraft.class:?]
	at net.minecraft.client.Minecraft.run(Minecraft.java:931) [Minecraft.class:?]
	at net.minecraft.client.main.Main.main(Main.java:164) [Main.class:?]
	at sun.reflect.NativeMethodAccessorImpl.invoke0(Native Method) ~[?:1.8.0_40]
	at sun.reflect.NativeMethodAccessorImpl.invoke(Unknown Source) ~[?:1.8.0_40]
	at sun.reflect.DelegatingMethodAccessorImpl.invoke(Unknown Source) ~[?:1.8.0_40]
	at java.lang.reflect.Method.invoke(Unknown Source) ~[?:1.8.0_40]
	at net.minecraft.launchwrapper.Launch.launch(Launch.java:135) [launchwrapper-1.11.jar:?]
	at net.minecraft.launchwrapper.Launch.main(Launch.java:28) [launchwrapper-1.11.jar:?]
	at net.minecraftforge.gradle.GradleStartCommon.launch(Unknown Source) [start/:?]
	at GradleStart.main(Unknown Source) [start/:?]
[13:27:03] [Client thread/INFO]: Created: 256x256 textures/items-atlas
[13:27:04] [Sound Library Loader/INFO]: Sound engine started
[13:27:18] [Server thread/INFO]: Starting integrated minecraft server version 1.7.10
[13:27:18] [Server thread/INFO]: Generating keypair
[13:27:19] [Server thread/INFO]: Preparing start region for level 0
[13:27:20] [Server thread/INFO]: Preparing spawn area: 8%
[13:27:21] [Server thread/INFO]: Preparing spawn area: 66%
[13:27:22] [Server thread/INFO]: Changing view distance to 12, from 10
[13:27:23] [Server thread/INFO]: Player872[local:E:6350e971] logged in with entity id 340 at (253.61266735594378, 79.0, 316.1236374606979)
[13:27:23] [Server thread/INFO]: Player872 joined the game
[13:27:26] [Server thread/WARN]: Can't keep up! Did the system time change, or is the server overloaded? Running 2608ms behind, skipping 52 tick(s)
[13:27:50] [Server thread/INFO]: Saving and pausing game...
[13:27:50] [Server thread/INFO]: Saving chunks for level 'Test World'/Overworld
[13:27:50] [Server thread/INFO]: Saving chunks for level 'Test World'/Nether
[13:27:50] [Server thread/INFO]: Saving chunks for level 'Test World'/The End
[13:27:51] [Server thread/INFO]: Stopping server
[13:27:51] [Server thread/INFO]: Saving players
[13:27:51] [Server thread/INFO]: Saving worlds
[13:27:51] [Server thread/INFO]: Saving chunks for level 'Test World'/Overworld
[13:27:51] [Server thread/INFO]: Saving chunks for level 'Test World'/Nether
[13:27:51] [Server thread/INFO]: Saving chunks for level 'Test World'/The End
