[13:43:13] [main/INFO]: Setting user: Player658
[13:43:18] [Client thread/INFO]: LWJGL Version: 2.9.1
[13:43:31] [Client thread/INFO]: Reloading ResourceManager: Default, FMLFileResourcePack:Forge Mod Loader, FMLFileResourcePack:Minecraft Forge, FMLFileResourcePack:Steve's Wagons
[13:43:33] [Sound Library Loader/INFO]: Sound engine started
[13:43:38] [Client thread/INFO]: Created: 512x256 textures/blocks-atlas
[13:43:39] [Client thread/ERROR]: Using missing texture, unable to load minecraft:textures/items/MISSING_ICON_ITEM_4096_coveredwagon.png
java.io.FileNotFoundException: minecraft:textures/items/MISSING_ICON_ITEM_4096_coveredwagon.png
	at net.minecraft.client.resources.FallbackResourceManager.getResource(FallbackResourceManager.java:65) ~[FallbackResourceManager.class:?]
	at net.minecraft.client.resources.SimpleReloadableResourceManager.getResource(SimpleReloadableResourceManager.java:67) ~[SimpleReloadableResourceManager.class:?]
	at net.minecraft.client.renderer.texture.TextureMap.loadTextureAtlas(TextureMap.java:126) [TextureMap.class:?]
	at net.minecraft.client.renderer.texture.TextureMap.loadTexture(TextureMap.java:91) [TextureMap.class:?]
	at net.minecraft.client.renderer.texture.TextureManager.loadTexture(TextureManager.java:89) [TextureManager.class:?]
	at net.minecraft.client.renderer.texture.TextureManager.loadTickableTexture(TextureManager.java:71) [TextureManager.class:?]
	at net.minecraft.client.renderer.texture.TextureManager.loadTextureMap(TextureManager.java:58) [TextureManager.class:?]
	at net.minecraft.client.Minecraft.startGame(Minecraft.java:583) [Minecraft.class:?]
	at net.minecraft.client.Minecraft.run(Minecraft.java:931) [Minecraft.class:?]
	at net.minecraft.client.main.Main.main(Main.java:164) [Main.class:?]
	at sun.reflect.NativeMethodAccessorImpl.invoke0(Native Method) ~[?:1.8.0_40]
	at sun.reflect.NativeMethodAccessorImpl.invoke(Unknown Source) ~[?:1.8.0_40]
	at sun.reflect.DelegatingMethodAccessorImpl.invoke(Unknown Source) ~[?:1.8.0_40]
	at java.lang.reflect.Method.invoke(Unknown Source) ~[?:1.8.0_40]
	at net.minecraft.launchwrapper.Launch.launch(Launch.java:135) [launchwrapper-1.11.jar:?]
	at net.minecraft.launchwrapper.Launch.main(Launch.java:28) [launchwrapper-1.11.jar:?]
	at net.minecraftforge.gradle.GradleStartCommon.launch(Unknown Source) [start/:?]
	at GradleStart.main(Unknown Source) [start/:?]
[13:43:39] [Client thread/INFO]: Created: 256x256 textures/items-atlas
[13:43:39] [Client thread/INFO]: Reloading ResourceManager: Default, FMLFileResourcePack:Forge Mod Loader, FMLFileResourcePack:Minecraft Forge, FMLFileResourcePack:Steve's Wagons
[13:43:40] [Client thread/INFO]: Created: 512x256 textures/blocks-atlas
[13:43:40] [Client thread/ERROR]: Using missing texture, unable to load minecraft:textures/items/MISSING_ICON_ITEM_4096_coveredwagon.png
java.io.FileNotFoundException: minecraft:textures/items/MISSING_ICON_ITEM_4096_coveredwagon.png
	at net.minecraft.client.resources.FallbackResourceManager.getResource(FallbackResourceManager.java:65) ~[FallbackResourceManager.class:?]
	at net.minecraft.client.resources.SimpleReloadableResourceManager.getResource(SimpleReloadableResourceManager.java:67) ~[SimpleReloadableResourceManager.class:?]
	at net.minecraft.client.renderer.texture.TextureMap.loadTextureAtlas(TextureMap.java:126) [TextureMap.class:?]
	at net.minecraft.client.renderer.texture.TextureMap.loadTexture(TextureMap.java:91) [TextureMap.class:?]
	at net.minecraft.client.renderer.texture.TextureManager.loadTexture(TextureManager.java:89) [TextureManager.class:?]
	at net.minecraft.client.renderer.texture.TextureManager.onResourceManagerReload(TextureManager.java:170) [TextureManager.class:?]
	at net.minecraft.client.resources.SimpleReloadableResourceManager.notifyReloadListeners(SimpleReloadableResourceManager.java:134) [SimpleReloadableResourceManager.class:?]
	at net.minecraft.client.resources.SimpleReloadableResourceManager.reloadResources(SimpleReloadableResourceManager.java:118) [SimpleReloadableResourceManager.class:?]
	at net.minecraft.client.Minecraft.refreshResources(Minecraft.java:643) [Minecraft.class:?]
	at cpw.mods.fml.client.FMLClientHandler.finishMinecraftLoading(FMLClientHandler.java:303) [FMLClientHandler.class:?]
	at net.minecraft.client.Minecraft.startGame(Minecraft.java:586) [Minecraft.class:?]
	at net.minecraft.client.Minecraft.run(Minecraft.java:931) [Minecraft.class:?]
	at net.minecraft.client.main.Main.main(Main.java:164) [Main.class:?]
	at sun.reflect.NativeMethodAccessorImpl.invoke0(Native Method) ~[?:1.8.0_40]
	at sun.reflect.NativeMethodAccessorImpl.invoke(Unknown Source) ~[?:1.8.0_40]
	at sun.reflect.DelegatingMethodAccessorImpl.invoke(Unknown Source) ~[?:1.8.0_40]
	at java.lang.reflect.Method.invoke(Unknown Source) ~[?:1.8.0_40]
	at net.minecraft.launchwrapper.Launch.launch(Launch.java:135) [launchwrapper-1.11.jar:?]
	at net.minecraft.launchwrapper.Launch.main(Launch.java:28) [launchwrapper-1.11.jar:?]
	at net.minecraftforge.gradle.GradleStartCommon.launch(Unknown Source) [start/:?]
	at GradleStart.main(Unknown Source) [start/:?]
[13:43:40] [Client thread/INFO]: Created: 256x256 textures/items-atlas
[13:43:41] [Sound Library Loader/INFO]: Sound engine started
[13:44:05] [Server thread/INFO]: Starting integrated minecraft server version 1.7.10
[13:44:05] [Server thread/INFO]: Generating keypair
[13:44:06] [Server thread/INFO]: Preparing start region for level 0
[13:44:07] [Server thread/INFO]: Preparing spawn area: 12%
[13:44:08] [Server thread/INFO]: Preparing spawn area: 70%
[13:44:08] [Server thread/INFO]: Changing view distance to 12, from 10
[13:44:10] [Server thread/INFO]: Player658[local:E:ff6aa081] logged in with entity id 345 at (262.20905333700813, 79.0, 316.40744916125357)
[13:44:10] [Server thread/INFO]: Player658 joined the game
[13:44:13] [Server thread/WARN]: Can't keep up! Did the system time change, or is the server overloaded? Running 3408ms behind, skipping 68 tick(s)
[13:44:55] [Server thread/INFO]: Saving and pausing game...
[13:44:55] [Server thread/INFO]: Saving chunks for level 'Test World'/Overworld
[13:44:55] [Server thread/INFO]: Saving chunks for level 'Test World'/Nether
[13:44:55] [Server thread/INFO]: Saving chunks for level 'Test World'/The End
[13:44:56] [Server thread/INFO]: Stopping server
[13:44:56] [Server thread/INFO]: Saving players
[13:44:56] [Server thread/INFO]: Saving worlds
[13:44:56] [Server thread/INFO]: Saving chunks for level 'Test World'/Overworld
[13:44:56] [Server thread/INFO]: Saving chunks for level 'Test World'/Nether
[13:44:56] [Server thread/INFO]: Saving chunks for level 'Test World'/The End
[13:45:02] [Client thread/INFO]: Stopping!
